<?xml version="1.0" encoding="UTF-8"?>
<!-- Generated by org.testng.reporters.JUnitXMLReporter -->
<testsuite ignored="0" hostname="DESKTOP-FNF43CG" failures="4" tests="5" name="Test" time="322.148" errors="0" timestamp="2025-11-21T19:15:33 IST">
  <testcase classname="testCases.TC001_VerifyUserLogin" name="LoginWithInvalidData" time="10.464">
    <failure type="java.lang.AssertionError" message="null">
      <![CDATA[java.lang.AssertionError: null
at testCases.TC001_VerifyUserLogin.LoginWithInvalidData(TC001_VerifyUserLogin.java:33)
at java.base/java.util.ArrayList.forEach(ArrayList.java:1596)
... Removed 27 stack frames]]>
    </failure>
  </testcase> <!-- LoginWithInvalidData -->
  <testcase classname="testCases.TC001_VerifyUserLogin" name="WrongUsernameLoginTest" time="10.097">
    <failure type="java.lang.AssertionError" message="null">
      <![CDATA[java.lang.AssertionError: null
at testCases.TC001_VerifyUserLogin.WrongUsernameLoginTest(TC001_VerifyUserLogin.java:62)
at java.base/java.util.ArrayList.forEach(ArrayList.java:1596)
... Removed 27 stack frames]]>
    </failure>
  </testcase> <!-- WrongUsernameLoginTest -->
  <testcase classname="testCases.TC001_VerifyUserLogin" name="WrongUsernameWrongPassLoginTest" time="10.066">
    <failure type="java.lang.AssertionError" message="null">
      <![CDATA[java.lang.AssertionError: null
at testCases.TC001_VerifyUserLogin.WrongUsernameWrongPassLoginTest(TC001_VerifyUserLogin.java:88)
at java.base/java.util.ArrayList.forEach(ArrayList.java:1596)
... Removed 27 stack frames]]>
    </failure>
  </testcase> <!-- WrongUsernameWrongPassLoginTest -->
  <testcase classname="testCases.TC001_VerifyUserLogin" name="LoginWithInValidDataUsingFakerData" time="10.41">
    <failure type="java.lang.AssertionError" message="null">
      <![CDATA[java.lang.AssertionError: null
at testCases.TC001_VerifyUserLogin.LoginWithInValidDataUsingFakerData(TC001_VerifyUserLogin.java:139)
at java.base/java.util.ArrayList.forEach(ArrayList.java:1596)
... Removed 27 stack frames]]>
    </failure>
  </testcase> <!-- LoginWithInValidDataUsingFakerData -->
  <testcase classname="testCases.TC001_VerifyUserLogin" name="LoginWithValidData" time="41.541"/>
</testsuite> <!-- Test -->
