<?xml version="1.0" encoding="UTF-8"?>
<!-- Generated by org.testng.reporters.JUnitXMLReporter -->
<testsuite ignored="0" hostname="DESKTOP-FNF43CG" failures="0" tests="5" name="Test" time="40.972" errors="0" timestamp="2025-11-13T20:12:10 IST">
  <testcase classname="testCases.TC001_VerifyUserLogin" name="LoginWithInvalidData" time="3.824"/>
  <testcase classname="testCases.TC001_VerifyUserLogin" name="WrongUsernameLoginTest" time="2.002"/>
  <testcase classname="testCases.TC001_VerifyUserLogin" name="WrongUsernameWrongPassLoginTest" time="2.057"/>
  <testcase classname="testCases.TC001_VerifyUserLogin" name="LoginWithInValidDataUsingFakerData" time="2.355"/>
  <testcase classname="testCases.TC001_VerifyUserLogin" name="LoginWithValidData" time="14.653"/>
</testsuite> <!-- Test -->
