<?xml version="1.0" encoding="UTF-8"?>
<!-- Generated by org.testng.reporters.JUnitXMLReporter -->
<testsuite ignored="11" hostname="DESKTOP-FNF43CG" failures="0" tests="25" name="Test" time="62.981" errors="0" timestamp="2025-11-13T20:13:14 IST">
  <testcase classname="testCases.TC000_LoginUsingGenericMethod" name="Verify_Login" time="1.98"/>
  <testcase classname="testCases.TC001_VerifyUserLogin" name="LoginWithInvalidData" time="0.0">
    <skipped/>
  </testcase> <!-- LoginWithInvalidData -->
  <testcase classname="testCases.TC001_VerifyUserLogin" name="WrongUsernameLoginTest" time="0.0">
    <skipped/>
  </testcase> <!-- WrongUsernameLoginTest -->
  <testcase classname="testCases.TC001_VerifyUserLogin" name="WrongUsernameWrongPassLoginTest" time="0.001">
    <skipped/>
  </testcase> <!-- WrongUsernameWrongPassLoginTest -->
  <testcase classname="testCases.TC001_VerifyUserLogin" name="LoginWithInValidDataUsingFakerData" time="0.0">
    <skipped/>
  </testcase> <!-- LoginWithInValidDataUsingFakerData -->
  <testcase classname="testCases.TC001_VerifyUserLogin" name="LoginWithValidData" time="0.0">
    <skipped/>
  </testcase> <!-- LoginWithValidData -->
  <testcase classname="testCases.TC002_VerifyPersonalDetails" name="verify_UpdatePersonalDetails" time="0.0">
    <skipped/>
  </testcase> <!-- verify_UpdatePersonalDetails -->
  <testcase classname="testCases.TC003_1_verify_ErrorMessages" name="verify_ErrorMessages" time="0.001">
    <skipped/>
  </testcase> <!-- verify_ErrorMessages -->
  <testcase classname="testCases.TC003_2_VerifyPIMScenarios" name="verify_AddEmployeeSubModule" time="0.0">
    <skipped/>
  </testcase> <!-- verify_AddEmployeeSubModule -->
  <testcase classname="testCases.TC004_ReportsPageScenarios" name="verify_AddUserReports" time="0.0">
    <skipped/>
  </testcase> <!-- verify_AddUserReports -->
  <testcase classname="testCases.TC004_ReportsPageScenarios" name="DeleteReport" time="0.0">
    <skipped/>
  </testcase> <!-- DeleteReport -->
  <testcase classname="testCases.TC004_ReportsPageScenarios" name="CheckReport" time="0.004">
    <skipped/>
  </testcase> <!-- CheckReport -->
  <testcase classname="testCases.TC004_ReportsPageScenarios" name="verify_AddReports" time="0.0">
    <skipped/>
  </testcase> <!-- verify_AddReports -->
  <testcase classname="testCases.TC005_0_DeleteEmployeeList" name="deleteEmployeeList" time="0.0">
    <skipped/>
  </testcase> <!-- deleteEmployeeList -->
  <testcase classname="testCases.TC005_PersonalDetails_update" name="delete_Employees" time="0.0">
    <skipped/>
  </testcase> <!-- delete_Employees -->
  <testcase classname="testCases.TC005_PersonalDetails_update" name="verify_AddEmployee_PersonnelDetails_Workflow" time="0.0">
    <skipped/>
  </testcase> <!-- verify_AddEmployee_PersonnelDetails_Workflow -->
  <testcase classname="testCases.TC005_PersonalDetails_update" name="testUpdateContactDetails" time="0.0">
    <skipped/>
  </testcase> <!-- testUpdateContactDetails -->
  <testcase classname="testCases.TC005_PersonalDetails_update" name="test_UploadAttachment" time="0.0">
    <skipped/>
  </testcase> <!-- test_UploadAttachment -->
  <testcase classname="testCases.TC005_PersonalDetails_update" name="testLogout" time="0.0">
    <skipped/>
  </testcase> <!-- testLogout -->
  <testcase classname="testCases.TC006_VerifyEmergenctDetailsPage" name="testCheckErrorMessagesOnEmergencyContactDetailsPage" time="0.0">
    <skipped/>
  </testcase> <!-- testCheckErrorMessagesOnEmergencyContactDetailsPage -->
  <testcase classname="testCases.TC006_VerifyEmergenctDetailsPage" name="testAssignedEmergencyContacts" time="0.0">
    <skipped/>
  </testcase> <!-- testAssignedEmergencyContacts -->
  <testcase classname="testCases.TC006_VerifyEmergenctDetailsPage" name="testLogout" time="0.0">
    <skipped/>
  </testcase> <!-- testLogout -->
  <testcase classname="testCases.TC007_VerifyOptionalFieldsPage" name="Verify_ConfigureOptionalFields" time="0.0">
    <skipped/>
  </testcase> <!-- Verify_ConfigureOptionalFields -->
  <testcase classname="testCases.TC007_VerifyOptionalFieldsPage" name="testLogout" time="0.0">
    <skipped/>
  </testcase> <!-- testLogout -->
  <testcase classname="testCases.TC008_VerifyCustomFieldsPage" name="verify_AddCustomFields" time="0.0">
    <skipped/>
  </testcase> <!-- verify_AddCustomFields -->
  <testcase classname="testBase.BaseClass" name="@BeforeSuite OpenConfiguration" time="0.0">
    <ignored/>
  </testcase> <!-- @BeforeSuite OpenConfiguration -->
  <testcase classname="testCases.TC004_ReportsPageScenarios" name="searchAndView" time="0.0">
    <ignored/>
  </testcase> <!-- searchAndView -->
  <testcase classname="testBase.BaseClass" name="@BeforeSuite OpenConfiguration" time="0.0">
    <ignored/>
  </testcase> <!-- @BeforeSuite OpenConfiguration -->
  <testcase classname="testBase.BaseClass" name="@BeforeSuite OpenConfiguration" time="0.0">
    <ignored/>
  </testcase> <!-- @BeforeSuite OpenConfiguration -->
  <testcase classname="testBase.BaseClass" name="@BeforeSuite OpenConfiguration" time="0.0">
    <ignored/>
  </testcase> <!-- @BeforeSuite OpenConfiguration -->
  <testcase classname="testBase.BaseClass" name="@BeforeSuite OpenConfiguration" time="0.0">
    <ignored/>
  </testcase> <!-- @BeforeSuite OpenConfiguration -->
  <testcase classname="testBase.BaseClass" name="@BeforeSuite OpenConfiguration" time="0.0">
    <ignored/>
  </testcase> <!-- @BeforeSuite OpenConfiguration -->
  <testcase classname="testBase.BaseClass" name="@BeforeSuite OpenConfiguration" time="0.0">
    <ignored/>
  </testcase> <!-- @BeforeSuite OpenConfiguration -->
  <testcase classname="testBase.BaseClass" name="@BeforeSuite OpenConfiguration" time="0.0">
    <ignored/>
  </testcase> <!-- @BeforeSuite OpenConfiguration -->
  <testcase classname="testBase.BaseClass" name="@BeforeSuite OpenConfiguration" time="0.0">
    <ignored/>
  </testcase> <!-- @BeforeSuite OpenConfiguration -->
  <testcase classname="testBase.BaseClass" name="@BeforeSuite OpenConfiguration" time="0.0">
    <ignored/>
  </testcase> <!-- @BeforeSuite OpenConfiguration -->
</testsuite> <!-- Test -->
