<?xml version="1.0" encoding="UTF-8"?>
<!-- Generated by org.testng.reporters.JUnitReportReporter -->
<testsuite hostname="DESKTOP-FNF43CG" failures="0" tests="3" name="testCases.TC006_VerifyEmergenctDetailsPage" time="11.451" errors="0" timestamp="2025-11-13T20:22:09 IST" skipped="0">
  <testcase classname="testCases.TC006_VerifyEmergenctDetailsPage" name="testCheckErrorMessagesOnEmergencyContactDetailsPage" time="7.173"/>
  <testcase classname="testCases.TC006_VerifyEmergenctDetailsPage" name="testAssignedEmergencyContacts" time="2.459"/>
  <testcase classname="testCases.TC006_VerifyEmergenctDetailsPage" name="testLogout" time="1.819"/>
</testsuite> <!-- testCases.TC006_VerifyEmergenctDetailsPage -->
