<?xml version="1.0" encoding="UTF-8"?>
<!-- Generated by org.testng.reporters.JUnitReportReporter -->
<testsuite hostname="DESKTOP-FNF43CG" failures="0" tests="2" name="testCases.TC001_VerifyLoginUsingVaildData" time="4.652" errors="0" timestamp="2025-08-18T13:25:10 IST" skipped="0">
  <testcase classname="testCases.TC001_VerifyLoginUsingVaildData" name="verify_InvalidLogin" time="1.584"/>
  <testcase classname="testCases.TC001_VerifyLoginUsingVaildData" name="verify_Login" time="3.068"/>
</testsuite> <!-- testCases.TC001_VerifyLoginUsingVaildData -->
