<?xml version="1.0" encoding="UTF-8"?>
<!-- Generated by org.testng.reporters.JUnitReportReporter -->
<testsuite hostname="DESKTOP-FNF43CG" failures="0" tests="2" name="testCases.TC007_VerifyOptionalFieldsPage" time="22.407" errors="0" timestamp="2025-11-13T20:22:09 IST" skipped="0">
  <testcase classname="testCases.TC007_VerifyOptionalFieldsPage" name="Verify_ConfigureOptionalFields" time="20.167"/>
  <testcase classname="testCases.TC007_VerifyOptionalFieldsPage" name="testLogout" time="2.240"/>
</testsuite> <!-- testCases.TC007_VerifyOptionalFieldsPage -->
